SF:lib/data/task/dto/paging_dto.dart
DA:6,1
DA:12,0
DA:13,0
DA:15,0
DA:16,0
DA:17,0
DA:20,0
DA:21,0
DA:22,0
LF:9
LH:1
end_of_record
SF:lib/data/task/source/network/task_remote.dart
DA:14,0
DA:16,0
DA:17,0
DA:18,0
DA:19,0
DA:20,0
DA:24,0
DA:25,0
DA:26,0
DA:27,0
DA:28,0
DA:30,0
DA:31,0
DA:32,0
DA:34,0
LF:15
LH:0
end_of_record
SF:lib/domain/task/entities/task.dart
DA:12,0
DA:13,0
DA:24,1
DA:32,1
DA:33,1
DA:34,1
DA:35,1
DA:36,1
DA:37,1
DA:38,1
LF:10
LH:8
end_of_record
SF:lib/domain/task/repositories/task_repository.dart
DA:14,1
DA:16,1
DA:19,3
DA:20,0
DA:22,3
LF:5
LH:4
end_of_record
SF:lib/data/_shared/exception.dart
DA:6,0
DA:8,0
DA:9,0
DA:15,0
DA:17,0
DA:18,0
LF:6
LH:0
end_of_record
SF:lib/data/_shared/failure.dart
DA:6,1
DA:8,1
DA:9,2
DA:13,1
LF:4
LH:4
end_of_record
SF:lib/domain/_shared/entities/paging.dart
DA:8,1
DA:14,0
DA:16,1
DA:17,1
DA:18,1
DA:19,1
DA:20,1
LF:7
LH:6
end_of_record
SF:lib/data/task/dto/task_dto.dart
DA:6,0
DA:14,0
DA:15,0
DA:17,0
DA:18,0
DA:19,0
DA:20,0
DA:21,0
DA:22,0
DA:25,0
DA:26,0
DA:27,0
DA:28,0
DA:29,0
DA:30,0
LF:15
LH:0
end_of_record
SF:lib/presentation/pages/task_list/task_list_state.dart
DA:12,0
DA:13,0
DA:16,0
DA:17,0
DA:20,0
DA:24,0
DA:25,0
DA:26,0
DA:27,0
DA:29,0
DA:30,0
DA:31,0
DA:45,1
DA:53,0
DA:60,0
DA:61,0
DA:62,0
DA:63,0
DA:64,0
DA:65,0
DA:69,0
DA:70,0
DA:71,0
DA:72,0
DA:73,0
DA:74,0
DA:75,0
LF:27
LH:1
end_of_record
SF:lib/presentation/pages/task_list/task_list_cubit.dart
DA:14,0
DA:16,0
DA:18,0
DA:19,0
DA:20,0
DA:21,0
DA:22,0
DA:26,0
DA:27,0
DA:28,0
DA:31,0
DA:33,0
DA:34,0
DA:36,0
DA:37,0
DA:38,0
DA:39,0
DA:40,0
DA:43,0
DA:44,0
DA:48,0
DA:53,0
DA:56,0
DA:57,0
DA:58,0
DA:60,0
DA:61,0
DA:62,0
DA:67,0
DA:68,0
DA:69,0
LF:31
LH:0
end_of_record
